<?xml version="1.0" encoding="UTF-8"?>
<testsuite xmlns:xsi="http://www.w3.org/2001/XMLSchema-instance" xsi:noNamespaceSchemaLocation="https://maven.apache.org/surefire/maven-surefire-plugin/xsd/surefire-test-report.xsd" name="runner.RunTest" time="63.016" tests="18" errors="0" skipped="0" failures="0">
  <properties>
[...]
</properties>
  <testcase name="Given I want to open the ClearTrip Homepage" classname="| Chennai | Mumbai |" time="0.002"/>
  <testcase name="When I click on the Round Trip dropdown It should get select" classname="| Chennai | Mumbai |" time="0.001"/>
  <testcase name="And I want to enter &quot;Chennai&quot; in the FROM input box Any Airport or City" classname="| Chennai | Mumbai |" time="0"/>
  <testcase name="And I want to enter &quot;Mumbai&quot; in the TO input box Any Airport or City" classname="| Chennai | Mumbai |" time="0"/>
  <testcase name="And I Want to click on the search button" classname="| Chennai | Mumbai |" time="0"/>
  <testcase name="Then I will verify the text Flight Details on the redirected page" classname="| Chennai | Mumbai |" time="0"/>
  <testcase name="| Chennai | Mumbai |" classname="| Chennai | Mumbai |" time="0.09"/>
  <testcase name="Given I want to be open the ClearTrip Homepage" classname="| Pune | Hyderabad |" time="0"/>
  <testcase name="When I click on the Bus icon It redirects to bus booking page" classname="| Pune | Hyderabad |" time="0"/>
  <testcase name="And I enter the value source value &quot;Pune&quot; and destination value &quot;Hyderabad&quot;" classname="| Pune | Hyderabad |" time="0"/>
  <testcase name="And I will select on the feb 29th date in the calendar and click on search Buses button" classname="| Pune | Hyderabad |" time="0"/>
  <testcase name="Then I verify the Buses found text in the redirected page" classname="| Pune | Hyderabad |" time="0"/>
  <testcase name="| Pune | Hyderabad |" classname="| Pune | Hyderabad |" time="0.099"/>
  <testcase name="Given I want to be in the Homepage" classname="Scenario: Verify the offers page" time="0"/>
  <testcase name="When I click on the offers icon i should be redirected to offers page" classname="Scenario: Verify the offers page" time="0"/>
  <testcase name="And I want to click on the partners button" classname="Scenario: Verify the offers page" time="0"/>
  <testcase name="Then I will verify the partners text" classname="Scenario: Verify the offers page" time="0"/>
  <testcase name="Scenario: Verify the offers page" classname="Scenario: Verify the offers page" time="0.085"/>
</testsuite>